<?xml version="1.0" encoding="UTF-8"?>
<testng-results ignored="0" total="1" passed="1" failed="0" skipped="0">
  <reporter-output>
  </reporter-output>
  <suite started-at="2024-10-09T16:23:34 WAT" name="Default suite" finished-at="2024-10-09T16:23:47 WAT" duration-ms="12781">
    <groups>
    </groups>
    <test started-at="2024-10-09T16:23:34 WAT" name="Default test" finished-at="2024-10-09T16:23:47 WAT" duration-ms="12781">
      <class name="Googlemap.Googlemapapi">
        <test-method signature="e2eflow()[pri:0, instance:Googlemap.Googlemapapi@35cabb2a]" started-at="2024-10-09T16:23:34 WAT" name="e2eflow" finished-at="2024-10-09T16:23:47 WAT" duration-ms="12719" status="PASS">
          <reporter-output>
          </reporter-output>
        </test-method> <!-- e2eflow -->
      </class> <!-- Googlemap.Googlemapapi -->
    </test> <!-- Default test -->
  </suite> <!-- Default suite -->
</testng-results>
